{
  "RSpec": {
    "coverage": {
      "/Users/fernandezvara/work/mundoreader/gems/omniauth-silkroad/lib/omniauth-silkroad.rb": [
        1
      ],
      "/Users/fernandezvara/work/mundoreader/gems/omniauth-silkroad/lib/omniauth/silkroad.rb": [
        1,
        1
      ],
      "/Users/fernandezvara/work/mundoreader/gems/omniauth-silkroad/lib/omniauth/silkroad/version.rb": [
        1,
        1,
        1,
        null,
        null
      ],
      "/Users/fernandezvara/work/mundoreader/gems/omniauth-silkroad/lib/omniauth/strategies/silkroad.rb": [
        1,
        null,
        1,
        1,
        1,
        1,
        1,
        null,
        null,
        null,
        null,
        null,
        null,
        null
      ]
    },
    "timestamp": 1424841570
  }
}
